<?xml version="1.0" encoding="UTF-8"?>
<coverage generated="1565706887204" clover="3.2.0">
  <project timestamp="1565706887205" name="All files">
    <metrics statements="50" coveredstatements="50" conditionals="33" coveredconditionals="31" methods="14" coveredmethods="14" elements="97" coveredelements="95" complexity="0" loc="50" ncloc="50" packages="1" files="1" classes="1"/>
    <file name="index.js" path="/Users/jakeshams/Code/ProductCollege/FEW/few21/npm-libraries/date-library/index.js">
      <metrics statements="50" coveredstatements="50" conditionals="33" coveredconditionals="31" methods="14" coveredmethods="14"/>
      <line num="3" count="14" type="stmt"/>
      <line num="4" count="14" type="stmt"/>
      <line num="5" count="14" type="stmt"/>
      <line num="6" count="14" type="stmt"/>
      <line num="7" count="14" type="stmt"/>
      <line num="8" count="14" type="stmt"/>
      <line num="9" count="14" type="cond" truecount="4" falsecount="0"/>
      <line num="10" count="1" type="stmt"/>
      <line num="13" count="13" type="stmt"/>
      <line num="17" count="1" type="stmt"/>
      <line num="18" count="1" type="stmt"/>
      <line num="19" count="1" type="stmt"/>
      <line num="20" count="1" type="stmt"/>
      <line num="21" count="1" type="stmt"/>
      <line num="22" count="1" type="stmt"/>
      <line num="23" count="1" type="stmt"/>
      <line num="26" count="13" type="cond" truecount="4" falsecount="0"/>
      <line num="27" count="13" type="cond" truecount="4" falsecount="0"/>
      <line num="28" count="13" type="cond" truecount="4" falsecount="0"/>
      <line num="29" count="13" type="cond" truecount="4" falsecount="0"/>
      <line num="30" count="13" type="cond" truecount="4" falsecount="0"/>
      <line num="31" count="13" type="cond" truecount="4" falsecount="0"/>
      <line num="34" count="3" type="stmt"/>
      <line num="37" count="3" type="stmt"/>
      <line num="40" count="7" type="stmt"/>
      <line num="43" count="3" type="stmt"/>
      <line num="44" count="3" type="stmt"/>
      <line num="47" count="3" type="stmt"/>
      <line num="48" count="3" type="stmt"/>
      <line num="51" count="5" type="stmt"/>
      <line num="54" count="5" type="stmt"/>
      <line num="57" count="5" type="stmt"/>
      <line num="60" count="5" type="stmt"/>
      <line num="63" count="10" type="cond" truecount="2" falsecount="0"/>
      <line num="64" count="9" type="stmt"/>
      <line num="67" count="2" type="cond" truecount="1" falsecount="1"/>
      <line num="68" count="2" type="stmt"/>
      <line num="69" count="2" type="stmt"/>
      <line num="70" count="2" type="stmt"/>
      <line num="71" count="2" type="stmt"/>
      <line num="72" count="2" type="stmt"/>
      <line num="73" count="2" type="stmt"/>
      <line num="74" count="2" type="stmt"/>
      <line num="75" count="2" type="stmt"/>
      <line num="76" count="2" type="stmt"/>
      <line num="77" count="2" type="stmt"/>
      <line num="78" count="2" type="stmt"/>
      <line num="79" count="2" type="stmt"/>
      <line num="80" count="2" type="stmt"/>
      <line num="97" count="1" type="stmt"/>
    </file>
  </project>
</coverage>
