{"/Users/jakeshams/Code/ProductCollege/FEW/few21/npm-libraries/date-library/index.js": {"path":"/Users/jakeshams/Code/ProductCollege/FEW/few21/npm-libraries/date-library/index.js","statementMap":{"0":{"start":{"line":3,"column":8},"end":{"line":3,"column":21}},"1":{"start":{"line":4,"column":8},"end":{"line":4,"column":22}},"2":{"start":{"line":5,"column":8},"end":{"line":5,"column":21}},"3":{"start":{"line":6,"column":8},"end":{"line":6,"column":22}},"4":{"start":{"line":7,"column":8},"end":{"line":7,"column":21}},"5":{"start":{"line":8,"column":8},"end":{"line":8,"column":21}},"6":{"start":{"line":9,"column":8},"end":{"line":14,"column":9}},"7":{"start":{"line":10,"column":12},"end":{"line":10,"column":38}},"8":{"start":{"line":13,"column":12},"end":{"line":13,"column":40}},"9":{"start":{"line":17,"column":18},"end":{"line":17,"column":31}},"10":{"start":{"line":18,"column":8},"end":{"line":18,"column":35}},"11":{"start":{"line":19,"column":8},"end":{"line":19,"column":33}},"12":{"start":{"line":20,"column":8},"end":{"line":20,"column":31}},"13":{"start":{"line":21,"column":8},"end":{"line":21,"column":33}},"14":{"start":{"line":22,"column":8},"end":{"line":22,"column":34}},"15":{"start":{"line":23,"column":8},"end":{"line":23,"column":34}},"16":{"start":{"line":26,"column":8},"end":{"line":26,"column":84}},"17":{"start":{"line":26,"column":65},"end":{"line":26,"column":84}},"18":{"start":{"line":27,"column":8},"end":{"line":27,"column":85}},"19":{"start":{"line":27,"column":65},"end":{"line":27,"column":85}},"20":{"start":{"line":28,"column":8},"end":{"line":28,"column":84}},"21":{"start":{"line":28,"column":65},"end":{"line":28,"column":84}},"22":{"start":{"line":29,"column":8},"end":{"line":29,"column":85}},"23":{"start":{"line":29,"column":65},"end":{"line":29,"column":85}},"24":{"start":{"line":30,"column":8},"end":{"line":30,"column":84}},"25":{"start":{"line":30,"column":65},"end":{"line":30,"column":84}},"26":{"start":{"line":31,"column":8},"end":{"line":31,"column":84}},"27":{"start":{"line":31,"column":65},"end":{"line":31,"column":84}},"28":{"start":{"line":34,"column":8},"end":{"line":34,"column":24}},"29":{"start":{"line":37,"column":8},"end":{"line":37,"column":30}},"30":{"start":{"line":40,"column":8},"end":{"line":40,"column":25}},"31":{"start":{"line":43,"column":23},"end":{"line":43,"column":145}},"32":{"start":{"line":44,"column":8},"end":{"line":44,"column":42}},"33":{"start":{"line":47,"column":27},"end":{"line":47,"column":111}},"34":{"start":{"line":48,"column":8},"end":{"line":48,"column":46}},"35":{"start":{"line":51,"column":8},"end":{"line":51,"column":24}},"36":{"start":{"line":54,"column":8},"end":{"line":54,"column":25}},"37":{"start":{"line":57,"column":8},"end":{"line":57,"column":24}},"38":{"start":{"line":60,"column":8},"end":{"line":60,"column":24}},"39":{"start":{"line":63,"column":8},"end":{"line":63,"column":42}},"40":{"start":{"line":63,"column":21},"end":{"line":63,"column":42}},"41":{"start":{"line":64,"column":8},"end":{"line":64,"column":35}},"42":{"start":{"line":67,"column":8},"end":{"line":67,"column":89}},"43":{"start":{"line":67,"column":24},"end":{"line":67,"column":89}},"44":{"start":{"line":68,"column":18},"end":{"line":68,"column":32}},"45":{"start":{"line":69,"column":18},"end":{"line":69,"column":37}},"46":{"start":{"line":70,"column":18},"end":{"line":70,"column":36}},"47":{"start":{"line":71,"column":18},"end":{"line":71,"column":37}},"48":{"start":{"line":72,"column":18},"end":{"line":72,"column":49}},"49":{"start":{"line":73,"column":18},"end":{"line":73,"column":31}},"50":{"start":{"line":74,"column":18},"end":{"line":74,"column":50}},"51":{"start":{"line":75,"column":18},"end":{"line":75,"column":32}},"52":{"start":{"line":76,"column":18},"end":{"line":76,"column":50}},"53":{"start":{"line":77,"column":18},"end":{"line":77,"column":32}},"54":{"start":{"line":78,"column":18},"end":{"line":78,"column":50}},"55":{"start":{"line":79,"column":18},"end":{"line":79,"column":32}},"56":{"start":{"line":80,"column":8},"end":{"line":91,"column":28}},"57":{"start":{"line":96,"column":0},"end":{"line":96,"column":18}}},"fnMap":{"0":{"name":"(anonymous_0)","decl":{"start":{"line":2,"column":4},"end":{"line":2,"column":5}},"loc":{"start":{"line":2,"column":25},"end":{"line":15,"column":5}},"line":2},"1":{"name":"(anonymous_1)","decl":{"start":{"line":16,"column":4},"end":{"line":16,"column":5}},"loc":{"start":{"line":16,"column":22},"end":{"line":24,"column":5}},"line":16},"2":{"name":"(anonymous_2)","decl":{"start":{"line":25,"column":4},"end":{"line":25,"column":5}},"loc":{"start":{"line":25,"column":28},"end":{"line":32,"column":5}},"line":25},"3":{"name":"(anonymous_3)","decl":{"start":{"line":33,"column":4},"end":{"line":33,"column":5}},"loc":{"start":{"line":33,"column":14},"end":{"line":35,"column":5}},"line":33},"4":{"name":"(anonymous_4)","decl":{"start":{"line":36,"column":4},"end":{"line":36,"column":5}},"loc":{"start":{"line":36,"column":19},"end":{"line":38,"column":5}},"line":36},"5":{"name":"(anonymous_5)","decl":{"start":{"line":39,"column":4},"end":{"line":39,"column":5}},"loc":{"start":{"line":39,"column":15},"end":{"line":41,"column":5}},"line":39},"6":{"name":"(anonymous_6)","decl":{"start":{"line":42,"column":4},"end":{"line":42,"column":5}},"loc":{"start":{"line":42,"column":18},"end":{"line":45,"column":5}},"line":42},"7":{"name":"(anonymous_7)","decl":{"start":{"line":46,"column":4},"end":{"line":46,"column":5}},"loc":{"start":{"line":46,"column":19},"end":{"line":49,"column":5}},"line":46},"8":{"name":"(anonymous_8)","decl":{"start":{"line":50,"column":4},"end":{"line":50,"column":5}},"loc":{"start":{"line":50,"column":13},"end":{"line":52,"column":5}},"line":50},"9":{"name":"(anonymous_9)","decl":{"start":{"line":53,"column":4},"end":{"line":53,"column":5}},"loc":{"start":{"line":53,"column":14},"end":{"line":55,"column":5}},"line":53},"10":{"name":"(anonymous_10)","decl":{"start":{"line":56,"column":4},"end":{"line":56,"column":5}},"loc":{"start":{"line":56,"column":14},"end":{"line":58,"column":5}},"line":56},"11":{"name":"(anonymous_11)","decl":{"start":{"line":59,"column":4},"end":{"line":59,"column":5}},"loc":{"start":{"line":59,"column":14},"end":{"line":61,"column":5}},"line":59},"12":{"name":"(anonymous_12)","decl":{"start":{"line":62,"column":4},"end":{"line":62,"column":5}},"loc":{"start":{"line":62,"column":21},"end":{"line":65,"column":5}},"line":62},"13":{"name":"(anonymous_13)","decl":{"start":{"line":66,"column":4},"end":{"line":66,"column":5}},"loc":{"start":{"line":66,"column":22},"end":{"line":92,"column":5}},"line":66}},"branchMap":{"0":{"loc":{"start":{"line":9,"column":8},"end":{"line":14,"column":9}},"type":"if","locations":[{"start":{"line":9,"column":8},"end":{"line":14,"column":9}},{"start":{"line":9,"column":8},"end":{"line":14,"column":9}}],"line":9},"1":{"loc":{"start":{"line":9,"column":12},"end":{"line":9,"column":64}},"type":"binary-expr","locations":[{"start":{"line":9,"column":13},"end":{"line":9,"column":41}},{"start":{"line":9,"column":47},"end":{"line":9,"column":63}}],"line":9},"2":{"loc":{"start":{"line":26,"column":8},"end":{"line":26,"column":84}},"type":"if","locations":[{"start":{"line":26,"column":8},"end":{"line":26,"column":84}},{"start":{"line":26,"column":8},"end":{"line":26,"column":84}}],"line":26},"3":{"loc":{"start":{"line":26,"column":12},"end":{"line":26,"column":63}},"type":"binary-expr","locations":[{"start":{"line":26,"column":13},"end":{"line":26,"column":28}},{"start":{"line":26,"column":34},"end":{"line":26,"column":62}}],"line":26},"4":{"loc":{"start":{"line":27,"column":8},"end":{"line":27,"column":85}},"type":"if","locations":[{"start":{"line":27,"column":8},"end":{"line":27,"column":85}},{"start":{"line":27,"column":8},"end":{"line":27,"column":85}}],"line":27},"5":{"loc":{"start":{"line":27,"column":12},"end":{"line":27,"column":63}},"type":"binary-expr","locations":[{"start":{"line":27,"column":13},"end":{"line":27,"column":28}},{"start":{"line":27,"column":34},"end":{"line":27,"column":62}}],"line":27},"6":{"loc":{"start":{"line":28,"column":8},"end":{"line":28,"column":84}},"type":"if","locations":[{"start":{"line":28,"column":8},"end":{"line":28,"column":84}},{"start":{"line":28,"column":8},"end":{"line":28,"column":84}}],"line":28},"7":{"loc":{"start":{"line":28,"column":12},"end":{"line":28,"column":63}},"type":"binary-expr","locations":[{"start":{"line":28,"column":13},"end":{"line":28,"column":28}},{"start":{"line":28,"column":34},"end":{"line":28,"column":62}}],"line":28},"8":{"loc":{"start":{"line":29,"column":8},"end":{"line":29,"column":85}},"type":"if","locations":[{"start":{"line":29,"column":8},"end":{"line":29,"column":85}},{"start":{"line":29,"column":8},"end":{"line":29,"column":85}}],"line":29},"9":{"loc":{"start":{"line":29,"column":12},"end":{"line":29,"column":63}},"type":"binary-expr","locations":[{"start":{"line":29,"column":13},"end":{"line":29,"column":28}},{"start":{"line":29,"column":34},"end":{"line":29,"column":62}}],"line":29},"10":{"loc":{"start":{"line":30,"column":8},"end":{"line":30,"column":84}},"type":"if","locations":[{"start":{"line":30,"column":8},"end":{"line":30,"column":84}},{"start":{"line":30,"column":8},"end":{"line":30,"column":84}}],"line":30},"11":{"loc":{"start":{"line":30,"column":12},"end":{"line":30,"column":63}},"type":"binary-expr","locations":[{"start":{"line":30,"column":13},"end":{"line":30,"column":28}},{"start":{"line":30,"column":34},"end":{"line":30,"column":62}}],"line":30},"12":{"loc":{"start":{"line":31,"column":8},"end":{"line":31,"column":84}},"type":"if","locations":[{"start":{"line":31,"column":8},"end":{"line":31,"column":84}},{"start":{"line":31,"column":8},"end":{"line":31,"column":84}}],"line":31},"13":{"loc":{"start":{"line":31,"column":12},"end":{"line":31,"column":63}},"type":"binary-expr","locations":[{"start":{"line":31,"column":13},"end":{"line":31,"column":28}},{"start":{"line":31,"column":34},"end":{"line":31,"column":62}}],"line":31},"14":{"loc":{"start":{"line":63,"column":8},"end":{"line":63,"column":42}},"type":"if","locations":[{"start":{"line":63,"column":8},"end":{"line":63,"column":42}},{"start":{"line":63,"column":8},"end":{"line":63,"column":42}}],"line":63},"15":{"loc":{"start":{"line":66,"column":11},"end":{"line":66,"column":20}},"type":"default-arg","locations":[{"start":{"line":66,"column":18},"end":{"line":66,"column":20}}],"line":66},"16":{"loc":{"start":{"line":67,"column":8},"end":{"line":67,"column":89}},"type":"if","locations":[{"start":{"line":67,"column":8},"end":{"line":67,"column":89}},{"start":{"line":67,"column":8},"end":{"line":67,"column":89}}],"line":67}},"s":{"0":14,"1":14,"2":14,"3":14,"4":14,"5":14,"6":14,"7":1,"8":13,"9":1,"10":1,"11":1,"12":1,"13":1,"14":1,"15":1,"16":13,"17":11,"18":13,"19":9,"20":13,"21":6,"22":13,"23":5,"24":13,"25":4,"26":13,"27":3,"28":4,"29":3,"30":8,"31":4,"32":4,"33":3,"34":3,"35":6,"36":5,"37":5,"38":5,"39":10,"40":1,"41":9,"42":3,"43":1,"44":2,"45":2,"46":2,"47":2,"48":2,"49":2,"50":2,"51":2,"52":2,"53":2,"54":2,"55":2,"56":2,"57":1},"f":{"0":14,"1":1,"2":13,"3":4,"4":3,"5":8,"6":4,"7":3,"8":6,"9":5,"10":5,"11":5,"12":10,"13":3},"b":{"0":[1,13],"1":[14,1],"2":[11,2],"3":[13,11],"4":[9,4],"5":[13,9],"6":[6,7],"7":[13,6],"8":[5,8],"9":[13,5],"10":[4,9],"11":[13,4],"12":[3,10],"13":[13,3],"14":[1,9],"15":[1],"16":[1,2]},"_coverageSchema":"43e27e138ebf9cfc5966b082cf9a028302ed4184","hash":"6b208acf92ed1ed6268fae3af697fa9e1a76bed0"}
}
