TN:
SF:/Users/jakeshams/Code/ProductCollege/FEW/few21/npm-libraries/date-library/index.js
FN:2,(anonymous_0)
FN:16,(anonymous_1)
FN:25,(anonymous_2)
FN:33,(anonymous_3)
FN:36,(anonymous_4)
FN:39,(anonymous_5)
FN:42,(anonymous_6)
FN:46,(anonymous_7)
FN:50,(anonymous_8)
FN:53,(anonymous_9)
FN:56,(anonymous_10)
FN:59,(anonymous_11)
FN:62,(anonymous_12)
FN:66,(anonymous_13)
FNF:14
FNH:14
FNDA:14,(anonymous_0)
FNDA:1,(anonymous_1)
FNDA:13,(anonymous_2)
FNDA:4,(anonymous_3)
FNDA:3,(anonymous_4)
FNDA:8,(anonymous_5)
FNDA:4,(anonymous_6)
FNDA:3,(anonymous_7)
FNDA:6,(anonymous_8)
FNDA:5,(anonymous_9)
FNDA:5,(anonymous_10)
FNDA:5,(anonymous_11)
FNDA:10,(anonymous_12)
FNDA:3,(anonymous_13)
DA:3,14
DA:4,14
DA:5,14
DA:6,14
DA:7,14
DA:8,14
DA:9,14
DA:10,1
DA:13,13
DA:17,1
DA:18,1
DA:19,1
DA:20,1
DA:21,1
DA:22,1
DA:23,1
DA:26,13
DA:27,13
DA:28,13
DA:29,13
DA:30,13
DA:31,13
DA:34,4
DA:37,3
DA:40,8
DA:43,4
DA:44,4
DA:47,3
DA:48,3
DA:51,6
DA:54,5
DA:57,5
DA:60,5
DA:63,10
DA:64,9
DA:67,3
DA:68,2
DA:69,2
DA:70,2
DA:71,2
DA:72,2
DA:73,2
DA:74,2
DA:75,2
DA:76,2
DA:77,2
DA:78,2
DA:79,2
DA:80,2
DA:96,1
LF:50
LH:50
BRDA:9,0,0,1
BRDA:9,0,1,13
BRDA:9,1,0,14
BRDA:9,1,1,1
BRDA:26,2,0,11
BRDA:26,2,1,2
BRDA:26,3,0,13
BRDA:26,3,1,11
BRDA:27,4,0,9
BRDA:27,4,1,4
BRDA:27,5,0,13
BRDA:27,5,1,9
BRDA:28,6,0,6
BRDA:28,6,1,7
BRDA:28,7,0,13
BRDA:28,7,1,6
BRDA:29,8,0,5
BRDA:29,8,1,8
BRDA:29,9,0,13
BRDA:29,9,1,5
BRDA:30,10,0,4
BRDA:30,10,1,9
BRDA:30,11,0,13
BRDA:30,11,1,4
BRDA:31,12,0,3
BRDA:31,12,1,10
BRDA:31,13,0,13
BRDA:31,13,1,3
BRDA:63,14,0,1
BRDA:63,14,1,9
BRDA:66,15,0,1
BRDA:67,16,0,1
BRDA:67,16,1,2
BRF:33
BRH:33
end_of_record
